<?xml version="1.0" encoding="UTF-8" ?>
<testsuite tests="20" failures="0" name="raycast.animator.AbstractAnimatorTest" time="0.201" errors="0" skipped="0">
  <properties>
[...]
</properties>
  <testcase classname="raycast.animator.AbstractAnimatorTest" name="testIntersetion[Test 0: rsx=100 rsy=100 rex=200 rey=100 ssx=100 ssy=100 sex=100 sey=200 intersects=true xpoint=100 ypoint=100 ray=0]" time="0.114"/>
  <testcase classname="raycast.animator.AbstractAnimatorTest" name="testIntersetion[Test 1: rsx=100 rsy=100 rex=200 rey=100 ssx=150 ssy=100 sex=150 sey=200 intersects=true xpoint=150 ypoint=100 ray=0.5]" time="0"/>
  <testcase classname="raycast.animator.AbstractAnimatorTest" name="testIntersetion[Test 2: rsx=100 rsy=100 rex=200 rey=100 ssx=200 ssy=100 sex=200 sey=200 intersects=true xpoint=200 ypoint=100 ray=1]" time="0"/>
  <testcase classname="raycast.animator.AbstractAnimatorTest" name="testIntersetion[Test 3: rsx=200 rsy=100 rex=100 rey=100 ssx=100 ssy=100 sex=100 sey=200 intersects=true xpoint=100 ypoint=100 ray=1]" time="0"/>
  <testcase classname="raycast.animator.AbstractAnimatorTest" name="testIntersetion[Test 4: rsx=200 rsy=100 rex=100 rey=100 ssx=150 ssy=100 sex=150 sey=200 intersects=true xpoint=150 ypoint=100 ray=0.5]" time="0"/>
  <testcase classname="raycast.animator.AbstractAnimatorTest" name="testIntersetion[Test 5: rsx=200 rsy=100 rex=100 rey=100 ssx=200 ssy=100 sex=200 sey=200 intersects=true xpoint=200 ypoint=100 ray=0]" time="0"/>
  <testcase classname="raycast.animator.AbstractAnimatorTest" name="testIntersetion[Test 6: rsx=100 rsy=100 rex=200 rey=100 ssx=100 ssy=150 sex=100 sey=200 intersects=false xpoint=0 ypoint=0 ray=0]" time="0"/>
  <testcase classname="raycast.animator.AbstractAnimatorTest" name="testIntersetion[Test 7: rsx=100 rsy=100 rex=200 rey=100 ssx=150 ssy=150 sex=150 sey=200 intersects=false xpoint=0 ypoint=0 ray=0]" time="0"/>
  <testcase classname="raycast.animator.AbstractAnimatorTest" name="testIntersetion[Test 8: rsx=100 rsy=100 rex=200 rey=100 ssx=200 ssy=150 sex=200 sey=200 intersects=false xpoint=0 ypoint=0 ray=0]" time="0"/>
  <testcase classname="raycast.animator.AbstractAnimatorTest" name="testIntersetion[Test 9: rsx=100 rsy=100 rex=200 rey=100 ssx=100 ssy=150 sex=200 sey=150 intersects=false xpoint=0 ypoint=0 ray=0]" time="0"/>
  <testcase classname="raycast.animator.AbstractAnimatorTest" name="testIntersetion[Test 10: rsx=200 rsy=100 rex=100 rey=100 ssx=100 ssy=150 sex=100 sey=200 intersects=false xpoint=0 ypoint=0 ray=0]" time="0"/>
  <testcase classname="raycast.animator.AbstractAnimatorTest" name="testIntersetion[Test 11: rsx=200 rsy=100 rex=100 rey=100 ssx=150 ssy=150 sex=150 sey=200 intersects=false xpoint=0 ypoint=0 ray=0]" time="0"/>
  <testcase classname="raycast.animator.AbstractAnimatorTest" name="testIntersetion[Test 12: rsx=200 rsy=100 rex=100 rey=100 ssx=200 ssy=150 sex=200 sey=200 intersects=false xpoint=0 ypoint=0 ray=0]" time="0"/>
  <testcase classname="raycast.animator.AbstractAnimatorTest" name="testIntersetion[Test 13: rsx=200 rsy=100 rex=100 rey=100 ssx=100 ssy=150 sex=200 sey=150 intersects=false xpoint=0 ypoint=0 ray=0]" time="0"/>
  <testcase classname="raycast.animator.AbstractAnimatorTest" name="testIntersetion[Test 14: rsx=100 rsy=100 rex=150 rey=100 ssx=100 ssy=100 sex=100 sey=200 intersects=true xpoint=100 ypoint=100 ray=0]" time="0"/>
  <testcase classname="raycast.animator.AbstractAnimatorTest" name="testIntersetion[Test 15: rsx=100 rsy=100 rex=150 rey=100 ssx=150 ssy=100 sex=150 sey=200 intersects=true xpoint=150 ypoint=100 ray=1]" time="0.001"/>
  <testcase classname="raycast.animator.AbstractAnimatorTest" name="testIntersetion[Test 16: rsx=100 rsy=100 rex=150 rey=100 ssx=200 ssy=100 sex=200 sey=200 intersects=true xpoint=200 ypoint=100 ray=2]" time="0"/>
  <testcase classname="raycast.animator.AbstractAnimatorTest" name="testIntersetion[Test 17: rsx=150 rsy=100 rex=100 rey=100 ssx=100 ssy=100 sex=100 sey=200 intersects=true xpoint=100 ypoint=100 ray=1]" time="0"/>
  <testcase classname="raycast.animator.AbstractAnimatorTest" name="testIntersetion[Test 18: rsx=150 rsy=100 rex=100 rey=100 ssx=150 ssy=100 sex=150 sey=200 intersects=true xpoint=150 ypoint=100 ray=0]" time="0"/>
  <testcase classname="raycast.animator.AbstractAnimatorTest" name="testIntersetion[Test 19: rsx=150 rsy=100 rex=100 rey=100 ssx=200 ssy=100 sex=200 sey=200 intersects=false xpoint=0 ypoint=0 ray=0]" time="0"/>
</testsuite>